timestamp: 2015-11-19T21:12:41.535000
CREATE TABLE auth_user(
    id INTEGER PRIMARY KEY AUTOINCREMENT,
    first_name CHAR(128),
    last_name CHAR(128),
    email CHAR(512),
    password CHAR(512),
    registration_key CHAR(512),
    reset_password_key CHAR(512),
    registration_id CHAR(512)
);
success!
timestamp: 2015-11-19T21:12:41.573000
CREATE TABLE auth_group(
    id INTEGER PRIMARY KEY AUTOINCREMENT,
    role CHAR(512),
    description TEXT
);
success!
timestamp: 2015-11-19T21:12:41.592000
CREATE TABLE auth_membership(
    id INTEGER PRIMARY KEY AUTOINCREMENT,
    user_id INTEGER REFERENCES auth_user (id) ON DELETE CASCADE  ,
    group_id INTEGER REFERENCES auth_group (id) ON DELETE CASCADE  
);
success!
timestamp: 2015-11-19T21:12:41.904000
CREATE TABLE auth_permission(
    id INTEGER PRIMARY KEY AUTOINCREMENT,
    group_id INTEGER REFERENCES auth_group (id) ON DELETE CASCADE  ,
    name CHAR(512),
    table_name CHAR(512),
    record_id INTEGER
);
success!
timestamp: 2015-11-19T21:12:41.904000
CREATE TABLE auth_event(
    id INTEGER PRIMARY KEY AUTOINCREMENT,
    time_stamp TIMESTAMP,
    client_ip CHAR(512),
    user_id INTEGER REFERENCES auth_user (id) ON DELETE CASCADE  ,
    origin CHAR(512),
    description TEXT
);
success!
timestamp: 2015-11-19T21:12:41.920000
CREATE TABLE auth_cas(
    id INTEGER PRIMARY KEY AUTOINCREMENT,
    user_id INTEGER REFERENCES auth_user (id) ON DELETE CASCADE  ,
    created_on TIMESTAMP,
    service CHAR(512),
    ticket CHAR(512),
    renew CHAR(1)
);
success!
timestamp: 2015-11-19T21:13:42.193000
CREATE TABLE obraSocial(
    id INTEGER PRIMARY KEY AUTOINCREMENT,
    descripcion CHAR(512)
);
success!
timestamp: 2015-11-19T21:13:42.435000
CREATE TABLE paciente(
    id INTEGER PRIMARY KEY AUTOINCREMENT,
    nombres CHAR(15),
    apellidos CHAR(15),
    dni INTEGER,
    fechaNac DATE,
    obraSocial INTEGER REFERENCES obraSocial (id) ON DELETE CASCADE  ,
    domicilio CHAR(30),
    telFijo INTEGER,
    celular INTEGER,
    email CHAR(15),
    created_by INTEGER REFERENCES auth_user (id) ON DELETE CASCADE  ,
    created_on TIMESTAMP
);
success!
timestamp: 2015-11-19T21:13:42.618000
CREATE TABLE task(
    id INTEGER PRIMARY KEY AUTOINCREMENT,
    title CHAR(512),
    paciente INTEGER REFERENCES paciente (id) ON DELETE CASCADE  ,
    description TEXT,
    start_time TIMESTAMP,
    stop_time TIMESTAMP,
    nro_sesion INTEGER,
    concluido CHAR(1),
    created_by INTEGER REFERENCES auth_user (id) ON DELETE CASCADE  ,
    created_on TIMESTAMP
);
success!
timestamp: 2015-11-30T23:25:44.156000
ALTER TABLE auth_user ADD username CHAR(128);
success!
